2020-08-17 15:00:34.757  INFO 19036 --- [main] com.dataManage.DataManageApplication     : Starting DataManageApplication on DESKTOP-R5TRL4J with PID 19036 (D:\github\spring\multiDruid\target\classes started by Administrator in D:\github\spring\multiDruid)
2020-08-17 15:00:34.763  INFO 19036 --- [main] com.dataManage.DataManageApplication     : No active profile set, falling back to default profiles: default
2020-08-17 15:00:38.844  INFO 19036 --- [main] o.s.b.w.embedded.tomcat.TomcatWebServer  : Tomcat initialized with port(s): 8080 (http)
2020-08-17 15:00:38.866  INFO 19036 --- [main] o.apache.catalina.core.StandardService   : Starting service [Tomcat]
2020-08-17 15:00:38.867  INFO 19036 --- [main] org.apache.catalina.core.StandardEngine  : Starting Servlet engine: [Apache Tomcat/9.0.36]
2020-08-17 15:00:39.025  INFO 19036 --- [main] o.a.c.c.C.[Tomcat].[localhost].[/]       : Initializing Spring embedded WebApplicationContext
2020-08-17 15:00:39.026  INFO 19036 --- [main] w.s.c.ServletWebServerApplicationContext : Root WebApplicationContext: initialization completed in 4154 ms
2020-08-17 15:00:39.085  INFO 19036 --- [main] o.s.boot.web.servlet.RegistrationBean    : Servlet statViewServlet was not registered (possibly already registered?)
2020-08-17 15:00:39.095  INFO 19036 --- [main] o.s.boot.web.servlet.RegistrationBean    : Filter webStatFilter was not registered (possibly already registered?)
2020-08-17 15:00:40.079  INFO 19036 --- [main] o.s.s.concurrent.ThreadPoolTaskExecutor  : Initializing ExecutorService 'applicationTaskExecutor'
2020-08-17 15:00:40.418  INFO 19036 --- [main] o.s.s.c.ThreadPoolTaskScheduler          : Initializing ExecutorService 'taskScheduler'
2020-08-17 15:00:40.497  INFO 19036 --- [main] o.s.b.w.embedded.tomcat.TomcatWebServer  : Tomcat started on port(s): 8080 (http) with context path ''
2020-08-17 15:00:40.521  INFO 19036 --- [main] com.dataManage.DataManageApplication     : Started DataManageApplication in 6.702 seconds (JVM running for 7.54)
2020-08-17 15:00:57.662  INFO 19036 --- [http-nio-8080-exec-1] o.a.c.c.C.[Tomcat].[localhost].[/]       : Initializing Spring DispatcherServlet 'dispatcherServlet'
2020-08-17 15:00:57.662  INFO 19036 --- [http-nio-8080-exec-1] o.s.web.servlet.DispatcherServlet        : Initializing Servlet 'dispatcherServlet'
2020-08-17 15:00:57.678  INFO 19036 --- [http-nio-8080-exec-1] o.s.web.servlet.DispatcherServlet        : Completed initialization in 15 ms
2020-08-17 15:00:58.731  INFO 19036 --- [http-nio-8080-exec-1] com.alibaba.druid.pool.DruidDataSource   : {dataSource-1} inited
2020-08-17 15:01:11.433  INFO 18848 --- [main] com.dataManage.DataManageApplication     : Starting DataManageApplication on DESKTOP-R5TRL4J with PID 18848 (D:\github\spring\multiDruid\target\classes started by Administrator in D:\github\spring\multiDruid)
2020-08-17 15:01:11.444  INFO 18848 --- [main] com.dataManage.DataManageApplication     : No active profile set, falling back to default profiles: default
2020-08-17 15:01:16.019  INFO 18848 --- [main] o.s.b.w.embedded.tomcat.TomcatWebServer  : Tomcat initialized with port(s): 8080 (http)
2020-08-17 15:01:16.040  INFO 18848 --- [main] o.apache.catalina.core.StandardService   : Starting service [Tomcat]
2020-08-17 15:01:16.041  INFO 18848 --- [main] org.apache.catalina.core.StandardEngine  : Starting Servlet engine: [Apache Tomcat/9.0.36]
2020-08-17 15:01:16.204  INFO 18848 --- [main] o.a.c.c.C.[Tomcat].[localhost].[/]       : Initializing Spring embedded WebApplicationContext
2020-08-17 15:01:16.204  INFO 18848 --- [main] w.s.c.ServletWebServerApplicationContext : Root WebApplicationContext: initialization completed in 4656 ms
2020-08-17 15:01:16.279  INFO 18848 --- [main] o.s.boot.web.servlet.RegistrationBean    : Servlet statViewServlet was not registered (possibly already registered?)
2020-08-17 15:01:16.283  INFO 18848 --- [main] o.s.boot.web.servlet.RegistrationBean    : Filter webStatFilter was not registered (possibly already registered?)
2020-08-17 15:01:17.287  INFO 18848 --- [main] o.s.s.concurrent.ThreadPoolTaskExecutor  : Initializing ExecutorService 'applicationTaskExecutor'
2020-08-17 15:01:17.685  INFO 18848 --- [main] o.s.s.c.ThreadPoolTaskScheduler          : Initializing ExecutorService 'taskScheduler'
2020-08-17 15:01:17.783  INFO 18848 --- [main] o.s.b.w.embedded.tomcat.TomcatWebServer  : Tomcat started on port(s): 8080 (http) with context path ''
2020-08-17 15:01:17.809  INFO 18848 --- [main] com.dataManage.DataManageApplication     : Started DataManageApplication in 7.473 seconds (JVM running for 8.598)
